# Logfile created on 2013-12-18 12:06:58 +0530 by logger.rb/36483
D, [2013-12-18T12:06:59.435480 #35629] DEBUG -- : SETTING CHANNELS
D, [2013-12-18T12:06:59.435608 #35629] DEBUG -- : SENDING SUBSCRIBE REQUEST
D, [2013-12-18T12:06:59.618713 #35629] DEBUG -- : ENCODING PATH
D, [2013-12-18T12:06:59.619115 #35629] DEBUG -- : /subscribe/sub-fdd15440-8939-11e1-aa2b-41374c390533/a/0/0
E, [2013-12-18T12:06:59.621247 #35629] ERROR -- : GOT SUBSCRIBE ERROR
E, [2013-12-18T12:06:59.621318 #35629] ERROR -- : AN ERROR OCCURRED: [0, "connection closed by server"]
D, [2013-12-18T12:10:21.714571 #35717] DEBUG -- : SENDING OTHER REQUEST
D, [2013-12-18T12:10:21.715273 #35717] DEBUG -- : ENCODING PATH
D, [2013-12-18T12:10:21.715422 #35717] DEBUG -- : /publish/pub-75a3aad0-d9c8-4763-8838-9aae1226ed0c/sub-fdd15440-8939-11e1-aa2b-41374c390533/288d6864b517af9380645625998269d0dd3dea1178a1a145f6b6f9a49e1ae48f/a/0/%22hi%22
D, [2013-12-18T12:10:23.146718 #35717] DEBUG -- : GOT OTHER RESPONSE
D, [2013-12-18T12:10:23.146957 #35717] DEBUG -- : ENCODING PATH
D, [2013-12-18T12:10:23.147062 #35717] DEBUG -- : /publish/pub-75a3aad0-d9c8-4763-8838-9aae1226ed0c/sub-fdd15440-8939-11e1-aa2b-41374c390533/288d6864b517af9380645625998269d0dd3dea1178a1a145f6b6f9a49e1ae48f/a/0/%22hi%22
D, [2013-12-18T12:10:23.147151 #35717] DEBUG -- : CALLING PARAMETER CALLBACK
D, [2013-12-18T12:10:34.642085 #35717] DEBUG -- : SENDING OTHER REQUEST
D, [2013-12-18T12:10:34.642267 #35717] DEBUG -- : ENCODING PATH
D, [2013-12-18T12:10:34.642323 #35717] DEBUG -- : /publish/pub-75a3aad0-d9c8-4763-8838-9aae1226ed0c/sub-fdd15440-8939-11e1-aa2b-41374c390533/288d6864b517af9380645625998269d0dd3dea1178a1a145f6b6f9a49e1ae48f/a/0/%22hi%22
D, [2013-12-18T12:10:34.973406 #35717] DEBUG -- : GOT OTHER RESPONSE
D, [2013-12-18T12:10:34.973572 #35717] DEBUG -- : ENCODING PATH
D, [2013-12-18T12:10:34.973660 #35717] DEBUG -- : /publish/pub-75a3aad0-d9c8-4763-8838-9aae1226ed0c/sub-fdd15440-8939-11e1-aa2b-41374c390533/288d6864b517af9380645625998269d0dd3dea1178a1a145f6b6f9a49e1ae48f/a/0/%22hi%22
D, [2013-12-18T12:10:34.973738 #35717] DEBUG -- : CALLING PARAMETER CALLBACK
D, [2013-12-18T12:10:58.114202 #35717] DEBUG -- : SENDING OTHER REQUEST
D, [2013-12-18T12:10:58.114544 #35717] DEBUG -- : ENCODING PATH
D, [2013-12-18T12:10:58.114652 #35717] DEBUG -- : /publish/pub-75a3aad0-d9c8-4763-8838-9aae1226ed0c/sub-fdd15440-8939-11e1-aa2b-41374c390533/288d6864b517af9380645625998269d0dd3dea1178a1a145f6b6f9a49e1ae48f/a/0/%7B%22text%22:%22Hi%22%7D
D, [2013-12-18T12:10:58.493906 #35717] DEBUG -- : GOT OTHER RESPONSE
D, [2013-12-18T12:10:58.494152 #35717] DEBUG -- : ENCODING PATH
D, [2013-12-18T12:10:58.494274 #35717] DEBUG -- : /publish/pub-75a3aad0-d9c8-4763-8838-9aae1226ed0c/sub-fdd15440-8939-11e1-aa2b-41374c390533/288d6864b517af9380645625998269d0dd3dea1178a1a145f6b6f9a49e1ae48f/a/0/%7B%22text%22:%22Hi%22%7D
D, [2013-12-18T12:10:58.494328 #35717] DEBUG -- : CALLING PARAMETER CALLBACK
